=== bench_stable: 5/5 trials, medians ===
bench_stable_trials: 5
composite_spread: 0.008192
p99_spread_ms: 0.000770

---
compliance_rate:       1.000000
p50_latency_ms:       0.001180
p95_latency_ms:       0.002500
p99_latency_ms:       0.008390
mean_latency_ms:       0.001360
throughput_rps: 1121736.439292
false_positive_rate:       0.000000
false_negative_rate:       0.000000
composite_score:       0.795451
latency_score:       0.615248
throughput_score:       0.864270
tail_ratio:       7.094828
tail_score:       0.679220
correctness_score:       1.000000
rocs_norm:       0.824518
spec_to_artifact_score:       1.000000
rocs: 3945913.706322
rocs_governance_value:    4340.000000
rocs_compute_seconds:       0.001100
scenarios_tested:            809
correct:            809
errors:              0
rules_checked:             18
---
