[   19541ms] [WARNING] Google Analytics not loaded yet @ https://ai.invideo.io/ai-assets/scripts/vendor.a3sVlmYz.js:119
[   20212ms] [ERROR] %c%d font-size:0;color:transparent NaN @ https://challenges.cloudflare.com/cdn-cgi/challenge-platform/h/g/turnstile/f/ov2/av0/rch/c7jfc/0x4AAAAAACOZoI18PUbrDzdK/light/fbE/new/flexible?lang=auto:0
[   20212ms] [ERROR] %c%d font-size:0;color:transparent NaN @ https://challenges.cloudflare.com/cdn-cgi/challenge-platform/h/g/turnstile/f/ov2/av0/rch/c7jfc/0x4AAAAAACOZoI18PUbrDzdK/light/fbE/new/flexible?lang=auto:0
[   20212ms] [WARNING] %c%d font-size:0;color:transparent NaN @ https://challenges.cloudflare.com/cdn-cgi/challenge-platform/h/g/turnstile/f/ov2/av0/rch/c7jfc/0x4AAAAAACOZoI18PUbrDzdK/light/fbE/new/flexible?lang=auto:0
[   20213ms] [WARNING] %c%d font-size:0;color:transparent NaN @ https://challenges.cloudflare.com/cdn-cgi/challenge-platform/h/g/turnstile/f/ov2/av0/rch/c7jfc/0x4AAAAAACOZoI18PUbrDzdK/light/fbE/new/flexible?lang=auto:0
[   20344ms] [WARNING] No available adapters. @ https://challenges.cloudflare.com/cdn-cgi/challenge-platform/h/g/turnstile/f/ov2/av0/rch/c7jfc/0x4AAAAAACOZoI18PUbrDzdK/light/fbE/new/flexible?lang=auto:0
[   20400ms] [ERROR] Failed to load resource: the server responded with a status of 401 () @ https://challenges.cloudflare.com/cdn-cgi/challenge-platform/h/g/pat/9def80bd59dfac31/1773955035958/fd8c83c1d77c81be7455229a035f0c0f0b3ceac48e0ac12cc49a5ea10f98acec/ua1ERAxWORjRxmz:0
[   20404ms] [ERROR]  Note that 'script-src' was not explicitly set, so 'default-src' is used as a fallback. @ https://challenges.cloudflare.com/cdn-cgi/challenge-platform/h/g/turnstile/f/ov2/av0/rch/c7jfc/0x4AAAAAACOZoI18PUbrDzdK/light/fbE/new/flexible?lang=auto:0
[   21151ms] [ERROR] Error: <svg> attribute width: Expected length, "20x". @ https://ai.invideo.io/ai-assets/scripts/vendor.a3sVlmYz.js:103
[   22151ms] [ERROR] Cross-Origin-Opener-Policy policy would block the window.closed call. @ https://ai.invideo.io/ai-assets/scripts/main.C_aCS8I8.js:4259
[   22151ms] [ERROR] Cross-Origin-Opener-Policy policy would block the window.closed call. @ https://ai.invideo.io/ai-assets/scripts/main.C_aCS8I8.js:4259
[   23734ms] [WARNING] The resource https://challenges.cloudflare.com/cdn-cgi/challenge-platform/h/g/cmg/1 was preloaded using link preload but not used within a few seconds from the window's load event. Please make sure it has an appropriate `as` value and it is preloaded intentionally. @ https://challenges.cloudflare.com/cdn-cgi/challenge-platform/h/g/turnstile/f/ov2/av0/rch/c7jfc/0x4AAAAAACOZoI18PUbrDzdK/light/fbE/new/flexible?lang=auto:0
[   72599ms] [ERROR] Error: <svg> attribute width: Expected length, "20x". @ https://ai.invideo.io/ai-assets/scripts/vendor.a3sVlmYz.js:103
[   73598ms] [ERROR] Cross-Origin-Opener-Policy policy would block the window.closed call. @ https://ai.invideo.io/ai-assets/scripts/main.C_aCS8I8.js:4259
[   73599ms] [ERROR] Cross-Origin-Opener-Policy policy would block the window.closed call. @ https://ai.invideo.io/ai-assets/scripts/main.C_aCS8I8.js:4259
[  104894ms] [WARNING] Google Analytics not loaded yet @ https://ai.invideo.io/ai-assets/scripts/vendor.a3sVlmYz.js:119
[  105379ms] [ERROR]  Note that 'script-src' was not explicitly set, so 'default-src' is used as a fallback. @ https://challenges.cloudflare.com/cdn-cgi/challenge-platform/h/g/turnstile/f/ov2/av0/rch/i1kv0/0x4AAAAAACOZoI18PUbrDzdK/light/fbE/new/flexible?lang=auto:0
[  105504ms] [ERROR] %c%d font-size:0;color:transparent NaN @ https://challenges.cloudflare.com/cdn-cgi/challenge-platform/h/g/turnstile/f/ov2/av0/rch/i1kv0/0x4AAAAAACOZoI18PUbrDzdK/light/fbE/new/flexible?lang=auto:0
[  105504ms] [ERROR] %c%d font-size:0;color:transparent NaN @ https://challenges.cloudflare.com/cdn-cgi/challenge-platform/h/g/turnstile/f/ov2/av0/rch/i1kv0/0x4AAAAAACOZoI18PUbrDzdK/light/fbE/new/flexible?lang=auto:0
[  105505ms] [WARNING] %c%d font-size:0;color:transparent NaN @ https://challenges.cloudflare.com/cdn-cgi/challenge-platform/h/g/turnstile/f/ov2/av0/rch/i1kv0/0x4AAAAAACOZoI18PUbrDzdK/light/fbE/new/flexible?lang=auto:0
[  105505ms] [WARNING] %c%d font-size:0;color:transparent NaN @ https://challenges.cloudflare.com/cdn-cgi/challenge-platform/h/g/turnstile/f/ov2/av0/rch/i1kv0/0x4AAAAAACOZoI18PUbrDzdK/light/fbE/new/flexible?lang=auto:0
[  105570ms] [WARNING] No available adapters. @ https://challenges.cloudflare.com/cdn-cgi/challenge-platform/h/g/turnstile/f/ov2/av0/rch/i1kv0/0x4AAAAAACOZoI18PUbrDzdK/light/fbE/new/flexible?lang=auto:0
[  105601ms] [ERROR] Failed to load resource: the server responded with a status of 401 () @ https://challenges.cloudflare.com/cdn-cgi/challenge-platform/h/g/pat/9def82d23e07aaa2/1773955121200/3e8e6380e454f3e28db25a890b9975a165130ce7fbc2037fd686d89a14b8ebb2/vwILagRQdZYeQsb:0
[  124934ms] [WARNING] Google Analytics not loaded yet @ https://ai.invideo.io/ai-assets/scripts/vendor.a3sVlmYz.js:119
[  125347ms] [ERROR] Failed to load resource: the server responded with a status of 401 () @ https://challenges.cloudflare.com/cdn-cgi/challenge-platform/h/g/pat/9def834f7aeaaaa2/1773955141236/a50511946e04122da18648f49442f3e145cb2ab653cd98b12930c5434a90eb1c/BAbmS2mC36mR3Z2:0
[  125408ms] [ERROR]  Note that 'script-src' was not explicitly set, so 'default-src' is used as a fallback. @ https://challenges.cloudflare.com/cdn-cgi/challenge-platform/h/g/turnstile/f/ov2/av0/rch/315yb/0x4AAAAAACOZoI18PUbrDzdK/light/fbE/new/flexible?lang=auto:0
[  125540ms] [WARNING] No available adapters. @ https://challenges.cloudflare.com/cdn-cgi/challenge-platform/h/g/turnstile/f/ov2/av0/rch/315yb/0x4AAAAAACOZoI18PUbrDzdK/light/fbE/new/flexible?lang=auto:0
[  125567ms] [ERROR] %c%d font-size:0;color:transparent NaN @ https://challenges.cloudflare.com/cdn-cgi/challenge-platform/h/g/turnstile/f/ov2/av0/rch/315yb/0x4AAAAAACOZoI18PUbrDzdK/light/fbE/new/flexible?lang=auto:0
[  125567ms] [ERROR] %c%d font-size:0;color:transparent NaN @ https://challenges.cloudflare.com/cdn-cgi/challenge-platform/h/g/turnstile/f/ov2/av0/rch/315yb/0x4AAAAAACOZoI18PUbrDzdK/light/fbE/new/flexible?lang=auto:0
[  125568ms] [WARNING] %c%d font-size:0;color:transparent NaN @ https://challenges.cloudflare.com/cdn-cgi/challenge-platform/h/g/turnstile/f/ov2/av0/rch/315yb/0x4AAAAAACOZoI18PUbrDzdK/light/fbE/new/flexible?lang=auto:0
[  125568ms] [WARNING] %c%d font-size:0;color:transparent NaN @ https://challenges.cloudflare.com/cdn-cgi/challenge-platform/h/g/turnstile/f/ov2/av0/rch/315yb/0x4AAAAAACOZoI18PUbrDzdK/light/fbE/new/flexible?lang=auto:0
